
transformix is started at Thu Aug 15 11:00:00 2019.

which transformix:   C:\Users\henriles\Documents\elastix-4.9.0-win64\transformix
transformix runs at: DS1L008698
  Windows  Professional (x64),  (Build 9200)
  with 8088 MB memory, and 2 cores @ 2711 MHz.
Running transformix with parameter file "D:\s_20190801_autoro_QB07_TIB3_01\fsems_prep_hum_rot_CWT1r_combi_rottrigger_0_180_10degstep_01.fid\Transform\Transpara180.txt".

Reading the elastix parameters from file ...

Installing all components.
InstallingComponents was successful.

ELASTIX version: 4.900
Command line options from ElastixBase:
-in       D:\s_20190801_autoro_QB07_TIB3_01\fsems_prep_hum_rot_CWT1r_combi_rottrigger_0_180_10degstep_01.fid\Transform\Rotationdata_180deg.nii
-out      D:\s_20190801_autoro_QB07_TIB3_01\fsems_prep_hum_rot_CWT1r_combi_rottrigger_0_180_10degstep_01.fid\Transform\
-threads  unspecified, so all available threads are used
-tp       D:\s_20190801_autoro_QB07_TIB3_01\fsems_prep_hum_rot_CWT1r_combi_rottrigger_0_180_10degstep_01.fid\Transform\Transpara180.txt
-def      unspecified, so no input points transformed
-jac      unspecified, so no det(dT/dx) computed
-jacmat   unspecified, so no dT/dx computed

=============== start of ParameterFile: D:\s_20190801_autoro_QB07_TIB3_01\fsems_prep_hum_rot_CWT1r_combi_rottrigger_0_180_10degstep_01.fid\Transform\Transpara180.txt ===============
(Transform "EulerTransform")
(NumberOfParameters 3)
(TransformParameters 0.183668 -10.983958 -8.766560)
(InitialTransformParametersFileName "NoInitialTransform")
(HowToCombineTransforms "Compose")

// Image specific
(FixedImageDimension 2)
(MovingImageDimension 2)
(FixedInternalImagePixelType "float")
(MovingInternalImagePixelType "float")
(Size 128 128)
(Index 0 0)
(Spacing 1.0000000000 1.0000000000)
(Origin 63.0000000000 63.0000000000)
(Direction -1.0000000000 0.0000000000 0.0000000000 -1.0000000000)
(UseDirectionCosines "true")

// EulerTransform specific
(CenterOfRotationPoint -0.5000000000 -0.5000000000)

// ResampleInterpolator specific
(ResampleInterpolator "FinalBSplineInterpolator")
(FinalBSplineInterpolationOrder 3)

// Resampler specific
(Resampler "DefaultResampler")
(DefaultPixelValue 0.000000)
(ResultImageFormat "nii")
(ResultImagePixelType "double")
(CompressResultImage "false")


=============== end of ParameterFile: D:\s_20190801_autoro_QB07_TIB3_01\fsems_prep_hum_rot_CWT1r_combi_rottrigger_0_180_10degstep_01.fid\Transform\Transpara180.txt ===============


Reading input image ...
  Reading input image took 0.002512 s
Calling all ReadFromFile()'s ...
  Calling all ReadFromFile()'s took 0.000137 s
Transforming points ...
  The command-line option "-def" is not used, so no points are transformed
  Transforming points done, it took 0.00s
Compute determinant of spatial Jacobian ...
  The command-line option "-jac" is not used, so no det(dT/dx) computed.
  Computing determinant of spatial Jacobian done, it took 0.00s
Compute spatial Jacobian (full matrix) ...
  The command-line option "-jacmat" is not used, so no dT/dx computed.
  Computing spatial Jacobian done, it took 0.00s
Resampling image and writing to disk ...
  Resampling took 0.01s

transformix has finished at Thu Aug 15 11:00:01 2019.
Total time elapsed: 0.6s.

