
transformix is started at Fri Aug 30 09:00:26 2019.

which transformix:   C:\Users\henriles\Documents\elastix-4.9.0-win64\transformix
transformix runs at: DS1L008698
  Windows  Professional (x64),  (Build 9200)
  with 8088 MB memory, and 2 cores @ 2712 MHz.
Running transformix with parameter file "D:\Autorot_Henri\T1_180_0_10degstep_QB07_TIB3\Transform\Transpara-170.txt".

Reading the elastix parameters from file ...

Installing all components.
InstallingComponents was successful.

ELASTIX version: 4.900
Command line options from ElastixBase:
-in       D:\Autorot_Henri\T1_180_0_10degstep_QB07_TIB3\Transform\Rotationdata_-170deg.nii
-out      D:\Autorot_Henri\T1_180_0_10degstep_QB07_TIB3\Transform\
-threads  unspecified, so all available threads are used
-tp       D:\Autorot_Henri\T1_180_0_10degstep_QB07_TIB3\Transform\Transpara-170.txt
-def      unspecified, so no input points transformed
-jac      unspecified, so no det(dT/dx) computed
-jacmat   unspecified, so no dT/dx computed

=============== start of ParameterFile: D:\Autorot_Henri\T1_180_0_10degstep_QB07_TIB3\Transform\Transpara-170.txt ===============
(Transform "EulerTransform")
(NumberOfParameters 3)
(TransformParameters -0.144318 -10.986918 -16.040246)
(InitialTransformParametersFileName "NoInitialTransform")
(HowToCombineTransforms "Compose")

// Image specific
(FixedImageDimension 2)
(MovingImageDimension 2)
(FixedInternalImagePixelType "float")
(MovingInternalImagePixelType "float")
(Size 128 128)
(Index 0 0)
(Spacing 1.0000000000 1.0000000000)
(Origin 63.0000000000 63.0000000000)
(Direction -1.0000000000 0.0000000000 0.0000000000 -1.0000000000)
(UseDirectionCosines "true")

// EulerTransform specific
(CenterOfRotationPoint -0.5000000000 -0.5000000000)

// ResampleInterpolator specific
(ResampleInterpolator "FinalBSplineInterpolator")
(FinalBSplineInterpolationOrder 3)

// Resampler specific
(Resampler "DefaultResampler")
(DefaultPixelValue 0.000000)
(ResultImageFormat "nii")
(ResultImagePixelType "double")
(CompressResultImage "false")


=============== end of ParameterFile: D:\Autorot_Henri\T1_180_0_10degstep_QB07_TIB3\Transform\Transpara-170.txt ===============


Reading input image ...
  Reading input image took 0.002548 s
Calling all ReadFromFile()'s ...
  Calling all ReadFromFile()'s took 0.000161 s
Transforming points ...
  The command-line option "-def" is not used, so no points are transformed
  Transforming points done, it took 0.00s
Compute determinant of spatial Jacobian ...
  The command-line option "-jac" is not used, so no det(dT/dx) computed.
  Computing determinant of spatial Jacobian done, it took 0.00s
Compute spatial Jacobian (full matrix) ...
  The command-line option "-jacmat" is not used, so no dT/dx computed.
  Computing spatial Jacobian done, it took 0.00s
Resampling image and writing to disk ...
  Resampling took 0.02s

transformix has finished at Fri Aug 30 09:00:27 2019.
Total time elapsed: 0.6s.

